<?xml version="1.0" encoding="UTF-8"?>
<!-- Generated by org.testng.reporters.JUnitReportReporter -->
<testsuite skipped="0" hostname="DESKTOP-A7L5GQS" name="com.regression.WebTableWithTestNG" tests="9" failures="0" timestamp="31 Jul 2018 04:11:39 GMT" time="97.942" errors="0">
  <testcase name="getExcelData" time="2.688" classname="com.regression.WebTableWithTestNG"/>
  <testcase name="getExcelData" time="2.631" classname="com.regression.WebTableWithTestNG"/>
  <testcase name="getWebTableData" time="29.669" classname="com.regression.WebTableWithTestNG"/>
  <testcase name="validation" time="0.012" classname="com.regression.WebTableWithTestNG"/>
  <testcase name="getExcelData" time="3.740" classname="com.regression.WebTableWithTestNG"/>
  <testcase name="getWebTableData" time="29.385" classname="com.regression.WebTableWithTestNG"/>
  <testcase name="validation" time="0.007" classname="com.regression.WebTableWithTestNG"/>
  <testcase name="getWebTableData" time="29.674" classname="com.regression.WebTableWithTestNG"/>
  <testcase name="validation" time="0.136" classname="com.regression.WebTableWithTestNG"/>
</testsuite> <!-- com.regression.WebTableWithTestNG -->
